<?xml version="1.0" encoding="UTF-8"?>
<!-- Generated by org.testng.reporters.JUnitReportReporter -->
<testsuite skipped="0" hostname="MARS-X240" name="ExcelNew.MyFirstXl.Mylaunch" tests="1" failures="0" timestamp="30 Jul 2018 02:02:17 GMT" time="35.356" errors="0">
  <testcase name="test" time="35.356" classname="ExcelNew.MyFirstXl.Mylaunch"/>
</testsuite> <!-- ExcelNew.MyFirstXl.Mylaunch -->
