<?xml version="1.0" encoding="UTF-8"?>
<!-- Generated by org.testng.reporters.JUnitReportReporter -->
<testsuite skipped="0" hostname="MARS-X240" name="ExcelNew.MyFirstXl.ExcelReading" tests="1" failures="0" timestamp="16 Jul 2018 14:11:00 GMT" time="10.904" errors="0">
  <testcase name="excelReader" time="10.904" classname="ExcelNew.MyFirstXl.ExcelReading"/>
</testsuite> <!-- ExcelNew.MyFirstXl.ExcelReading -->
