<?xml version="1.0" encoding="UTF-8"?>
<!-- Generated by org.testng.reporters.JUnitReportReporter -->
<testsuite skipped="0" hostname="MARS-X240" name="ExcelNew.MyFirstXl.TC001" tests="1" failures="0" timestamp="31 Jul 2018 03:16:21 GMT" time="18.347" errors="0">
  <testcase name="customerRegistration" time="18.347" classname="ExcelNew.MyFirstXl.TC001"/>
</testsuite> <!-- ExcelNew.MyFirstXl.TC001 -->
