<?xml version="1.0" encoding="UTF-8"?>
<!-- Generated by org.testng.reporters.JUnitReportReporter -->
<testsuite skipped="0" hostname="MARS-X240" name="myNewProject.projectnew.TC001" tests="1" failures="0" timestamp="09 Aug 2018 03:11:19 GMT" time="7.885" errors="0">
  <testcase name="customerRegistration" time="7.885" classname="myNewProject.projectnew.TC001"/>
</testsuite> <!-- myNewProject.projectnew.TC001 -->
